This file contains any messages produced by compilers while
running configure, to aid debugging if configure makes a mistake.

It was created by configure, which was
generated by GNU Autoconf 2.63.  Invocation command line was

  $ ./configure --prefix=/opt/mmseg

## --------- ##
## Platform. ##
## --------- ##

hostname = v01
uname -m = x86_64
uname -r = 2.6.32-358.el6.x86_64
uname -s = Linux
uname -v = #1 SMP Fri Feb 22 00:31:26 UTC 2013

/usr/bin/uname -p = unknown
/bin/uname -X     = unknown

/bin/arch              = x86_64
/usr/bin/arch -k       = unknown
/usr/convex/getsysinfo = unknown
/usr/bin/hostinfo      = unknown
/bin/machine           = unknown
/usr/bin/oslevel       = unknown
/bin/universe          = unknown

PATH: /usr/lib64/qt-3.3/bin
PATH: /usr/local/sbin
PATH: /usr/local/bin
PATH: /sbin
PATH: /bin
PATH: /usr/sbin
PATH: /usr/bin
PATH: /usr/local/jdk1.7.0_79//bin
PATH: /usr/local/jdk1.7.0_79//jre/bin
PATH: /usr/local/jdk1.7.0_79//bin
PATH: /usr/local/apache-maven/bin
PATH: /usr/local/jdk1.7.0_79//bin
PATH: /usr/local/jdk1.7.0_79//jre/bin
PATH: /opt/ceph/bin
PATH: /opt/ceph/sbin
PATH: /root/bin


## ----------- ##
## Core tests. ##
## ----------- ##

configure:2075: checking for a BSD-compatible install
configure:2143: result: /usr/bin/install -c
configure:2154: checking whether build environment is sane
configure:2214: result: yes
configure:2242: WARNING: `missing' script is too old or missing
configure:2355: checking for a thread-safe mkdir -p
configure:2394: result: /bin/mkdir -p
configure:2407: checking for gawk
configure:2423: found /bin/gawk
configure:2434: result: gawk
configure:2445: checking whether make sets $(MAKE)
configure:2467: result: yes
configure:2609: checking for g++
configure:2625: found /usr/bin/g++
configure:2636: result: g++
configure:2663: checking for C++ compiler version
configure:2671: g++ --version >&5
g++ (GCC) 4.4.7 20120313 (Red Hat 4.4.7-16)
Copyright (C) 2010 Free Software Foundation, Inc.
This is free software; see the source for copying conditions.  There is NO
warranty; not even for MERCHANTABILITY or FITNESS FOR A PARTICULAR PURPOSE.

configure:2675: $? = 0
configure:2682: g++ -v >&5
Using built-in specs.
Target: x86_64-redhat-linux
Configured with: ../configure --prefix=/usr --mandir=/usr/share/man --infodir=/usr/share/info --with-bugurl=http://bugzilla.redhat.com/bugzilla --enable-bootstrap --enable-shared --enable-threads=posix --enable-checking=release --with-system-zlib --enable-__cxa_atexit --disable-libunwind-exceptions --enable-gnu-unique-object --enable-languages=c,c++,objc,obj-c++,java,fortran,ada --enable-java-awt=gtk --disable-dssi --with-java-home=/usr/lib/jvm/java-1.5.0-gcj-1.5.0.0/jre --enable-libgcj-multifile --enable-java-maintainer-mode --with-ecj-jar=/usr/share/java/eclipse-ecj.jar --disable-libjava-multilib --with-ppl --with-cloog --with-tune=generic --with-arch_32=i686 --build=x86_64-redhat-linux
Thread model: posix
gcc version 4.4.7 20120313 (Red Hat 4.4.7-16) (GCC) 
configure:2686: $? = 0
configure:2693: g++ -V >&5
g++: '-V' option must have argument
configure:2697: $? = 1
configure:2720: checking for C++ compiler default output file name
configure:2742: g++    conftest.cpp  >&5
configure:2746: $? = 0
configure:2784: result: a.out
configure:2803: checking whether the C++ compiler works
configure:2813: ./a.out
configure:2817: $? = 0
configure:2836: result: yes
configure:2843: checking whether we are cross compiling
configure:2845: result: no
configure:2848: checking for suffix of executables
configure:2855: g++ -o conftest    conftest.cpp  >&5
configure:2859: $? = 0
configure:2885: result: 
configure:2891: checking for suffix of object files
configure:2917: g++ -c   conftest.cpp >&5
configure:2921: $? = 0
configure:2946: result: o
configure:2950: checking whether we are using the GNU C++ compiler
configure:2979: g++ -c   conftest.cpp >&5
configure:2986: $? = 0
configure:3003: result: yes
configure:3012: checking whether g++ accepts -g
configure:3042: g++ -c -g  conftest.cpp >&5
configure:3049: $? = 0
configure:3150: result: yes
configure:3184: checking for style of include used by make
configure:3212: result: GNU
configure:3237: checking dependency style of g++
configure:3347: result: gcc3
configure:3410: checking for gcc
configure:3426: found /usr/bin/gcc
configure:3437: result: gcc
configure:3669: checking for C compiler version
configure:3677: gcc --version >&5
gcc (GCC) 4.4.7 20120313 (Red Hat 4.4.7-16)
Copyright (C) 2010 Free Software Foundation, Inc.
This is free software; see the source for copying conditions.  There is NO
warranty; not even for MERCHANTABILITY or FITNESS FOR A PARTICULAR PURPOSE.

configure:3681: $? = 0
configure:3688: gcc -v >&5
Using built-in specs.
Target: x86_64-redhat-linux
Configured with: ../configure --prefix=/usr --mandir=/usr/share/man --infodir=/usr/share/info --with-bugurl=http://bugzilla.redhat.com/bugzilla --enable-bootstrap --enable-shared --enable-threads=posix --enable-checking=release --with-system-zlib --enable-__cxa_atexit --disable-libunwind-exceptions --enable-gnu-unique-object --enable-languages=c,c++,objc,obj-c++,java,fortran,ada --enable-java-awt=gtk --disable-dssi --with-java-home=/usr/lib/jvm/java-1.5.0-gcj-1.5.0.0/jre --enable-libgcj-multifile --enable-java-maintainer-mode --with-ecj-jar=/usr/share/java/eclipse-ecj.jar --disable-libjava-multilib --with-ppl --with-cloog --with-tune=generic --with-arch_32=i686 --build=x86_64-redhat-linux
Thread model: posix
gcc version 4.4.7 20120313 (Red Hat 4.4.7-16) (GCC) 
configure:3692: $? = 0
configure:3699: gcc -V >&5
gcc: '-V' option must have argument
configure:3703: $? = 1
configure:3706: checking whether we are using the GNU C compiler
configure:3735: gcc -c   conftest.c >&5
configure:3742: $? = 0
configure:3759: result: yes
configure:3768: checking whether gcc accepts -g
configure:3798: gcc -c -g  conftest.c >&5
configure:3805: $? = 0
configure:3906: result: yes
configure:3923: checking for gcc option to accept ISO C89
configure:3997: gcc  -c -g -O2  conftest.c >&5
configure:4004: $? = 0
configure:4027: result: none needed
configure:4047: checking dependency style of gcc
configure:4157: result: gcc3
configure:4206: checking build system type
configure:4224: result: x86_64-redhat-linux-gnu
configure:4246: checking host system type
configure:4261: result: x86_64-redhat-linux-gnu
configure:4283: checking for a sed that does not truncate output
configure:4349: result: /bin/sed
configure:4367: checking for grep that handles long lines and -e
configure:4427: result: /bin/grep
configure:4432: checking for egrep
configure:4496: result: /bin/grep -E
configure:4501: checking for fgrep
configure:4565: result: /bin/grep -F
configure:4600: checking for ld used by gcc
configure:4667: result: /usr/bin/ld
configure:4676: checking if the linker (/usr/bin/ld) is GNU ld
configure:4691: result: yes
configure:4703: checking for BSD- or MS-compatible name lister (nm)
configure:4752: result: /usr/bin/nm -B
configure:4870: checking the name lister (/usr/bin/nm -B) interface
configure:4877: gcc -c -g -O2  conftest.c >&5
configure:4880: /usr/bin/nm -B "conftest.o"
configure:4883: output
0000000000000000 B some_variable
configure:4890: result: BSD nm
configure:4893: checking whether ln -s works
configure:4897: result: yes
configure:4905: checking the maximum length of command line arguments
configure:5025: result: 1966080
configure:5042: checking whether the shell understands some XSI constructs
configure:5052: result: yes
configure:5056: checking whether the shell understands "+="
configure:5062: result: yes
configure:5097: checking for /usr/bin/ld option to reload object files
configure:5104: result: -r
configure:5173: checking for objdump
configure:5189: found /usr/bin/objdump
configure:5200: result: objdump
configure:5232: checking how to recognize dependent libraries
configure:5428: result: pass_all
configure:5488: checking for ar
configure:5504: found /usr/bin/ar
configure:5515: result: ar
configure:5593: checking for strip
configure:5609: found /usr/bin/strip
configure:5620: result: strip
configure:5692: checking for ranlib
configure:5708: found /usr/bin/ranlib
configure:5719: result: ranlib
configure:5809: checking command to parse /usr/bin/nm -B output from gcc object
configure:5927: gcc -c -g -O2  conftest.c >&5
configure:5930: $? = 0
configure:5934: /usr/bin/nm -B conftest.o \| sed -n -e 's/^.*[	 ]\([ABCDGIRSTW][ABCDGIRSTW]*\)[	 ][	 ]*\([_A-Za-z][_A-Za-z0-9]*\)$/\1 \2 \2/p' \> conftest.nm
configure:5937: $? = 0
configure:5991: gcc -o conftest -g -O2   conftest.c conftstm.o >&5
configure:5994: $? = 0
configure:6032: result: ok
configure:6128: gcc -c -g -O2  conftest.c >&5
configure:6131: $? = 0
configure:6899: checking how to run the C preprocessor
configure:6939: gcc -E  conftest.c
configure:6946: $? = 0
configure:6977: gcc -E  conftest.c
conftest.c:10:28: error: ac_nonexistent.h: No such file or directory
configure:6984: $? = 1
configure: failed program was:
| /* confdefs.h.  */
| #define PACKAGE_NAME ""
| #define PACKAGE_TARNAME ""
| #define PACKAGE_VERSION ""
| #define PACKAGE_STRING ""
| #define PACKAGE_BUGREPORT ""
| #define PACKAGE "mmseg"
| #define VERSION "0.7"
| /* end confdefs.h.  */
| #include <ac_nonexistent.h>
configure:7017: result: gcc -E
configure:7046: gcc -E  conftest.c
configure:7053: $? = 0
configure:7084: gcc -E  conftest.c
conftest.c:10:28: error: ac_nonexistent.h: No such file or directory
configure:7091: $? = 1
configure: failed program was:
| /* confdefs.h.  */
| #define PACKAGE_NAME ""
| #define PACKAGE_TARNAME ""
| #define PACKAGE_VERSION ""
| #define PACKAGE_STRING ""
| #define PACKAGE_BUGREPORT ""
| #define PACKAGE "mmseg"
| #define VERSION "0.7"
| /* end confdefs.h.  */
| #include <ac_nonexistent.h>
configure:7131: checking for ANSI C header files
configure:7161: gcc -c -g -O2  conftest.c >&5
configure:7168: $? = 0
configure:7267: gcc -o conftest -g -O2   conftest.c  >&5
configure:7271: $? = 0
configure:7277: ./conftest
configure:7281: $? = 0
configure:7299: result: yes
configure:7323: checking for sys/types.h
configure:7344: gcc -c -g -O2  conftest.c >&5
configure:7351: $? = 0
configure:7368: result: yes
configure:7323: checking for sys/stat.h
configure:7344: gcc -c -g -O2  conftest.c >&5
configure:7351: $? = 0
configure:7368: result: yes
configure:7323: checking for stdlib.h
configure:7344: gcc -c -g -O2  conftest.c >&5
configure:7351: $? = 0
configure:7368: result: yes
configure:7323: checking for string.h
configure:7344: gcc -c -g -O2  conftest.c >&5
configure:7351: $? = 0
configure:7368: result: yes
configure:7323: checking for memory.h
configure:7344: gcc -c -g -O2  conftest.c >&5
configure:7351: $? = 0
configure:7368: result: yes
configure:7323: checking for strings.h
configure:7344: gcc -c -g -O2  conftest.c >&5
configure:7351: $? = 0
configure:7368: result: yes
configure:7323: checking for inttypes.h
configure:7344: gcc -c -g -O2  conftest.c >&5
configure:7351: $? = 0
configure:7368: result: yes
configure:7323: checking for stdint.h
configure:7344: gcc -c -g -O2  conftest.c >&5
configure:7351: $? = 0
configure:7368: result: yes
configure:7323: checking for unistd.h
configure:7344: gcc -c -g -O2  conftest.c >&5
configure:7351: $? = 0
configure:7368: result: yes
configure:7386: checking for dlfcn.h
configure:7407: gcc -c -g -O2  conftest.c >&5
configure:7414: $? = 0
configure:7431: result: yes
configure:7558: checking for C++ compiler version
configure:7566: g++ --version >&5
g++ (GCC) 4.4.7 20120313 (Red Hat 4.4.7-16)
Copyright (C) 2010 Free Software Foundation, Inc.
This is free software; see the source for copying conditions.  There is NO
warranty; not even for MERCHANTABILITY or FITNESS FOR A PARTICULAR PURPOSE.

configure:7570: $? = 0
configure:7577: g++ -v >&5
Using built-in specs.
Target: x86_64-redhat-linux
Configured with: ../configure --prefix=/usr --mandir=/usr/share/man --infodir=/usr/share/info --with-bugurl=http://bugzilla.redhat.com/bugzilla --enable-bootstrap --enable-shared --enable-threads=posix --enable-checking=release --with-system-zlib --enable-__cxa_atexit --disable-libunwind-exceptions --enable-gnu-unique-object --enable-languages=c,c++,objc,obj-c++,java,fortran,ada --enable-java-awt=gtk --disable-dssi --with-java-home=/usr/lib/jvm/java-1.5.0-gcj-1.5.0.0/jre --enable-libgcj-multifile --enable-java-maintainer-mode --with-ecj-jar=/usr/share/java/eclipse-ecj.jar --disable-libjava-multilib --with-ppl --with-cloog --with-tune=generic --with-arch_32=i686 --build=x86_64-redhat-linux
Thread model: posix
gcc version 4.4.7 20120313 (Red Hat 4.4.7-16) (GCC) 
configure:7581: $? = 0
configure:7588: g++ -V >&5
g++: '-V' option must have argument
configure:7592: $? = 1
configure:7595: checking whether we are using the GNU C++ compiler
configure:7648: result: yes
configure:7657: checking whether g++ accepts -g
configure:7795: result: yes
configure:7820: checking dependency style of g++
configure:7930: result: gcc3
configure:7953: checking how to run the C++ preprocessor
configure:7989: g++ -E  conftest.cpp
configure:7996: $? = 0
configure:8027: g++ -E  conftest.cpp
conftest.cpp:21:28: error: ac_nonexistent.h: No such file or directory
configure:8034: $? = 1
configure: failed program was:
| /* confdefs.h.  */
| #define PACKAGE_NAME ""
| #define PACKAGE_TARNAME ""
| #define PACKAGE_VERSION ""
| #define PACKAGE_STRING ""
| #define PACKAGE_BUGREPORT ""
| #define PACKAGE "mmseg"
| #define VERSION "0.7"
| #define STDC_HEADERS 1
| #define HAVE_SYS_TYPES_H 1
| #define HAVE_SYS_STAT_H 1
| #define HAVE_STDLIB_H 1
| #define HAVE_STRING_H 1
| #define HAVE_MEMORY_H 1
| #define HAVE_STRINGS_H 1
| #define HAVE_INTTYPES_H 1
| #define HAVE_STDINT_H 1
| #define HAVE_UNISTD_H 1
| #define HAVE_DLFCN_H 1
| /* end confdefs.h.  */
| #include <ac_nonexistent.h>
configure:8067: result: g++ -E
configure:8096: g++ -E  conftest.cpp
configure:8103: $? = 0
configure:8134: g++ -E  conftest.cpp
conftest.cpp:21:28: error: ac_nonexistent.h: No such file or directory
configure:8141: $? = 1
configure: failed program was:
| /* confdefs.h.  */
| #define PACKAGE_NAME ""
| #define PACKAGE_TARNAME ""
| #define PACKAGE_VERSION ""
| #define PACKAGE_STRING ""
| #define PACKAGE_BUGREPORT ""
| #define PACKAGE "mmseg"
| #define VERSION "0.7"
| #define STDC_HEADERS 1
| #define HAVE_SYS_TYPES_H 1
| #define HAVE_SYS_STAT_H 1
| #define HAVE_STDLIB_H 1
| #define HAVE_STRING_H 1
| #define HAVE_MEMORY_H 1
| #define HAVE_STRINGS_H 1
| #define HAVE_INTTYPES_H 1
| #define HAVE_STDINT_H 1
| #define HAVE_UNISTD_H 1
| #define HAVE_DLFCN_H 1
| /* end confdefs.h.  */
| #include <ac_nonexistent.h>
configure:8355: checking for objdir
configure:8370: result: .libs
configure:8662: checking if gcc supports -fno-rtti -fno-exceptions
configure:8680: gcc -c -g -O2  -fno-rtti -fno-exceptions conftest.c >&5
cc1: warning: command line option "-fno-rtti" is valid for C++/ObjC++ but not for C
configure:8684: $? = 0
configure:8697: result: no
configure:8717: checking for gcc option to produce PIC
configure:8989: result: -fPIC -DPIC
configure:9001: checking if gcc PIC flag -fPIC -DPIC works
configure:9019: gcc -c -g -O2  -fPIC -DPIC -DPIC conftest.c >&5
configure:9023: $? = 0
configure:9036: result: yes
configure:9060: checking if gcc static flag -static works
configure:9088: result: no
configure:9103: checking if gcc supports -c -o file.o
configure:9124: gcc -c -g -O2  -o out/conftest2.o conftest.c >&5
configure:9128: $? = 0
configure:9150: result: yes
configure:9158: checking if gcc supports -c -o file.o
configure:9205: result: yes
configure:9238: checking whether the gcc linker (/usr/bin/ld -m elf_x86_64) supports shared libraries
configure:10312: result: yes
configure:10349: checking whether -lc should be explicitly linked in
configure:10354: gcc -c -g -O2  conftest.c >&5
configure:10357: $? = 0
configure:10372: gcc -shared conftest.o  -v -Wl,-soname -Wl,conftest -o conftest 2\>\&1 \| /bin/grep  -lc  \>/dev/null 2\>\&1
configure:10375: $? = 0
configure:10387: result: no
configure:10551: checking dynamic linker characteristics
configure:10994: gcc -o conftest -g -O2   -Wl,-rpath -Wl,/foo conftest.c  >&5
configure:11001: $? = 0
configure:11237: result: GNU/Linux ld.so
configure:11339: checking how to hardcode library paths into programs
configure:11364: result: immediate
configure:12197: checking whether stripping libraries is possible
configure:12202: result: yes
configure:12237: checking if libtool supports shared libraries
configure:12239: result: yes
configure:12242: checking whether to build shared libraries
configure:12263: result: yes
configure:12266: checking whether to build static libraries
configure:12270: result: yes
configure:12420: checking for ld used by g++
configure:12487: result: /usr/bin/ld -m elf_x86_64
configure:12496: checking if the linker (/usr/bin/ld -m elf_x86_64) is GNU ld
configure:12511: result: yes
configure:12566: checking whether the g++ linker (/usr/bin/ld -m elf_x86_64) supports shared libraries
configure:13541: result: yes
configure:13569: g++ -c -g -O2  conftest.cpp >&5
configure:13572: $? = 0
configure:13754: checking for g++ option to produce PIC
configure:14071: result: -fPIC -DPIC
configure:14080: checking if g++ PIC flag -fPIC -DPIC works
configure:14098: g++ -c -g -O2  -fPIC -DPIC -DPIC conftest.cpp >&5
configure:14102: $? = 0
configure:14115: result: yes
configure:14136: checking if g++ static flag -static works
configure:14164: result: no
configure:14176: checking if g++ supports -c -o file.o
configure:14197: g++ -c -g -O2  -o out/conftest2.o conftest.cpp >&5
configure:14201: $? = 0
configure:14223: result: yes
configure:14228: checking if g++ supports -c -o file.o
configure:14275: result: yes
configure:14305: checking whether the g++ linker (/usr/bin/ld -m elf_x86_64) supports shared libraries
configure:14331: result: yes
configure:14468: checking dynamic linker characteristics
configure:14859: g++ -o conftest -g -O2   -Wl,-rpath -Wl,/foo conftest.cpp  >&5
configure:14866: $? = 0
configure:15102: result: GNU/Linux ld.so
configure:15153: checking how to hardcode library paths into programs
configure:15178: result: immediate
configure:15237: checking for ANSI C header files
configure:15405: result: yes
configure:15415: checking for sys/wait.h that is POSIX.1 compatible
configure:15451: gcc -c -g -O2  conftest.c >&5
configure:15458: $? = 0
configure:15473: result: yes
configure:15491: checking for stdlib.h
configure:15498: result: yes
configure:15491: checking for unistd.h
configure:15498: result: yes
configure:15502: checking errno.h usability
configure:15519: gcc -c -g -O2  conftest.c >&5
configure:15526: $? = 0
configure:15540: result: yes
configure:15544: checking errno.h presence
configure:15559: gcc -E  conftest.c
configure:15566: $? = 0
configure:15580: result: yes
configure:15608: checking for errno.h
configure:15617: result: yes
configure:15502: checking assert.h usability
configure:15519: gcc -c -g -O2  conftest.c >&5
configure:15526: $? = 0
configure:15540: result: yes
configure:15544: checking assert.h presence
configure:15559: gcc -E  conftest.c
configure:15566: $? = 0
configure:15580: result: yes
configure:15608: checking for assert.h
configure:15617: result: yes
configure:15638: checking for string.h
configure:15645: result: yes
configure:16101: checking stdarg.h usability
configure:16118: gcc -c -g -O2  conftest.c >&5
configure:16125: $? = 0
configure:16139: result: yes
configure:16143: checking stdarg.h presence
configure:16158: gcc -E  conftest.c
configure:16165: $? = 0
configure:16179: result: yes
configure:16207: checking for stdarg.h
configure:16216: result: yes
configure:16244: checking for an ANSI C-conforming const
configure:16319: gcc -c -g -O2  conftest.c >&5
configure:16326: $? = 0
configure:16341: result: yes
configure:16351: checking for pid_t
configure:16379: gcc -c -g -O2  conftest.c >&5
configure:16386: $? = 0
configure:16413: gcc -c -g -O2  conftest.c >&5
conftest.c: In function 'main':
conftest.c:66: error: expected expression before ')' token
configure:16420: $? = 1
configure: failed program was:
| /* confdefs.h.  */
| #define PACKAGE_NAME ""
| #define PACKAGE_TARNAME ""
| #define PACKAGE_VERSION ""
| #define PACKAGE_STRING ""
| #define PACKAGE_BUGREPORT ""
| #define PACKAGE "mmseg"
| #define VERSION "0.7"
| #define STDC_HEADERS 1
| #define HAVE_SYS_TYPES_H 1
| #define HAVE_SYS_STAT_H 1
| #define HAVE_STDLIB_H 1
| #define HAVE_STRING_H 1
| #define HAVE_MEMORY_H 1
| #define HAVE_STRINGS_H 1
| #define HAVE_INTTYPES_H 1
| #define HAVE_STDINT_H 1
| #define HAVE_UNISTD_H 1
| #define HAVE_DLFCN_H 1
| #define LT_OBJDIR ".libs/"
| #define STDC_HEADERS 1
| #define HAVE_SYS_WAIT_H 1
| #define HAVE_STDLIB_H 1
| #define HAVE_UNISTD_H 1
| #define HAVE_ERRNO_H 1
| #define HAVE_ASSERT_H 1
| #define HAVE_STRING_H 1
| #define HAVE_STDARG_H 1
| /* end confdefs.h.  */
| #include <stdio.h>
| #ifdef HAVE_SYS_TYPES_H
| # include <sys/types.h>
| #endif
| #ifdef HAVE_SYS_STAT_H
| # include <sys/stat.h>
| #endif
| #ifdef STDC_HEADERS
| # include <stdlib.h>
| # include <stddef.h>
| #else
| # ifdef HAVE_STDLIB_H
| #  include <stdlib.h>
| # endif
| #endif
| #ifdef HAVE_STRING_H
| # if !defined STDC_HEADERS && defined HAVE_MEMORY_H
| #  include <memory.h>
| # endif
| # include <string.h>
| #endif
| #ifdef HAVE_STRINGS_H
| # include <strings.h>
| #endif
| #ifdef HAVE_INTTYPES_H
| # include <inttypes.h>
| #endif
| #ifdef HAVE_STDINT_H
| # include <stdint.h>
| #endif
| #ifdef HAVE_UNISTD_H
| # include <unistd.h>
| #endif
| int
| main ()
| {
| if (sizeof ((pid_t)))
| 	  return 0;
|   ;
|   return 0;
| }
configure:16443: result: yes
configure:16455: checking for size_t
configure:16483: gcc -c -g -O2  conftest.c >&5
configure:16490: $? = 0
configure:16517: gcc -c -g -O2  conftest.c >&5
conftest.c: In function 'main':
conftest.c:66: error: expected expression before ')' token
configure:16524: $? = 1
configure: failed program was:
| /* confdefs.h.  */
| #define PACKAGE_NAME ""
| #define PACKAGE_TARNAME ""
| #define PACKAGE_VERSION ""
| #define PACKAGE_STRING ""
| #define PACKAGE_BUGREPORT ""
| #define PACKAGE "mmseg"
| #define VERSION "0.7"
| #define STDC_HEADERS 1
| #define HAVE_SYS_TYPES_H 1
| #define HAVE_SYS_STAT_H 1
| #define HAVE_STDLIB_H 1
| #define HAVE_STRING_H 1
| #define HAVE_MEMORY_H 1
| #define HAVE_STRINGS_H 1
| #define HAVE_INTTYPES_H 1
| #define HAVE_STDINT_H 1
| #define HAVE_UNISTD_H 1
| #define HAVE_DLFCN_H 1
| #define LT_OBJDIR ".libs/"
| #define STDC_HEADERS 1
| #define HAVE_SYS_WAIT_H 1
| #define HAVE_STDLIB_H 1
| #define HAVE_UNISTD_H 1
| #define HAVE_ERRNO_H 1
| #define HAVE_ASSERT_H 1
| #define HAVE_STRING_H 1
| #define HAVE_STDARG_H 1
| /* end confdefs.h.  */
| #include <stdio.h>
| #ifdef HAVE_SYS_TYPES_H
| # include <sys/types.h>
| #endif
| #ifdef HAVE_SYS_STAT_H
| # include <sys/stat.h>
| #endif
| #ifdef STDC_HEADERS
| # include <stdlib.h>
| # include <stddef.h>
| #else
| # ifdef HAVE_STDLIB_H
| #  include <stdlib.h>
| # endif
| #endif
| #ifdef HAVE_STRING_H
| # if !defined STDC_HEADERS && defined HAVE_MEMORY_H
| #  include <memory.h>
| # endif
| # include <string.h>
| #endif
| #ifdef HAVE_STRINGS_H
| # include <strings.h>
| #endif
| #ifdef HAVE_INTTYPES_H
| # include <inttypes.h>
| #endif
| #ifdef HAVE_STDINT_H
| # include <stdint.h>
| #endif
| #ifdef HAVE_UNISTD_H
| # include <unistd.h>
| #endif
| int
| main ()
| {
| if (sizeof ((size_t)))
| 	  return 0;
|   ;
|   return 0;
| }
configure:16547: result: yes
configure:16659: checking for sys_errlist
configure:16685: gcc -o conftest -g -O2   conftest.c  >&5
/tmp/ccITwur9.o: In function `main':
/opt/src/coreseek-4.1-beta/mmseg-3.2.14/conftest.c:34: warning: `sys_errlist' is deprecated; use `strerror' or `strerror_r' instead
configure:16692: $? = 0
configure:16712: result: yes
configure:16721: checking for sys_siglist
configure:16747: gcc -o conftest -g -O2   conftest.c  >&5
configure:16754: $? = 0
configure:16774: result: yes
configure:16789: checking for bzero
configure:16845: gcc -o conftest -g -O2   conftest.c  >&5
conftest.c:55: warning: conflicting types for built-in function 'bzero'
configure:16852: $? = 0
configure:16874: result: yes
configure:16892: checking for calloc
configure:16948: gcc -o conftest -g -O2   conftest.c  >&5
conftest.c:56: warning: conflicting types for built-in function 'calloc'
configure:16955: $? = 0
configure:16977: result: yes
configure:16892: checking for strchr
configure:16948: gcc -o conftest -g -O2   conftest.c  >&5
conftest.c:57: warning: conflicting types for built-in function 'strchr'
configure:16955: $? = 0
configure:16977: result: yes
configure:16892: checking for strrchr
configure:16948: gcc -o conftest -g -O2   conftest.c  >&5
conftest.c:58: warning: conflicting types for built-in function 'strrchr'
configure:16955: $? = 0
configure:16977: result: yes
configure:16999: checking for basename
configure:17055: gcc -o conftest -g -O2   conftest.c  >&5
configure:17062: $? = 0
configure:17084: result: yes
configure:16999: checking for strspn
configure:17055: gcc -o conftest -g -O2   conftest.c  >&5
conftest.c:60: warning: conflicting types for built-in function 'strspn'
configure:17062: $? = 0
configure:17084: result: yes
configure:16999: checking for strcspn
configure:17055: gcc -o conftest -g -O2   conftest.c  >&5
conftest.c:61: warning: conflicting types for built-in function 'strcspn'
configure:17062: $? = 0
configure:17084: result: yes
configure:16999: checking for strerror
configure:17055: gcc -o conftest -g -O2   conftest.c  >&5
configure:17062: $? = 0
configure:17084: result: yes
configure:16999: checking for strsignal
configure:17055: gcc -o conftest -g -O2   conftest.c  >&5
configure:17062: $? = 0
configure:17084: result: yes
configure:16999: checking for vfprintf
configure:17055: gcc -o conftest -g -O2   conftest.c  >&5
conftest.c:64: warning: conflicting types for built-in function 'vfprintf'
configure:17062: $? = 0
configure:17084: result: yes
configure:16999: checking for waitpid
configure:17055: gcc -o conftest -g -O2   conftest.c  >&5
configure:17062: $? = 0
configure:17084: result: yes
configure:17277: creating ./config.status

## ---------------------- ##
## Running config.status. ##
## ---------------------- ##

This file was extended by config.status, which was
generated by GNU Autoconf 2.63.  Invocation command line was

  CONFIG_FILES    = 
  CONFIG_HEADERS  = 
  CONFIG_LINKS    = 
  CONFIG_COMMANDS = 
  $ ./config.status 

on v01

config.status:1097: creating Makefile
config.status:1097: creating src/Makefile
config.status:1097: creating config.h
config.status:1319: config.h is unchanged
config.status:1371: executing depfiles commands
config.status:1371: executing libtool commands
config.status:1371: executing default-1 commands
config.status:1371: executing default commands

## ---------------- ##
## Cache variables. ##
## ---------------- ##

ac_cv_build=x86_64-redhat-linux-gnu
ac_cv_c_compiler_gnu=yes
ac_cv_c_const=yes
ac_cv_cxx_compiler_gnu=yes
ac_cv_env_CCC_set=
ac_cv_env_CCC_value=
ac_cv_env_CC_set=
ac_cv_env_CC_value=
ac_cv_env_CFLAGS_set=
ac_cv_env_CFLAGS_value=
ac_cv_env_CPPFLAGS_set=
ac_cv_env_CPPFLAGS_value=
ac_cv_env_CPP_set=
ac_cv_env_CPP_value=
ac_cv_env_CXXCPP_set=
ac_cv_env_CXXCPP_value=
ac_cv_env_CXXFLAGS_set=
ac_cv_env_CXXFLAGS_value=
ac_cv_env_CXX_set=
ac_cv_env_CXX_value=
ac_cv_env_LDFLAGS_set=
ac_cv_env_LDFLAGS_value=
ac_cv_env_LIBS_set=
ac_cv_env_LIBS_value=
ac_cv_env_build_alias_set=
ac_cv_env_build_alias_value=
ac_cv_env_host_alias_set=
ac_cv_env_host_alias_value=
ac_cv_env_target_alias_set=
ac_cv_env_target_alias_value=
ac_cv_func_basename=yes
ac_cv_func_bzero=yes
ac_cv_func_calloc=yes
ac_cv_func_strchr=yes
ac_cv_func_strcspn=yes
ac_cv_func_strerror=yes
ac_cv_func_strrchr=yes
ac_cv_func_strsignal=yes
ac_cv_func_strspn=yes
ac_cv_func_vfprintf=yes
ac_cv_func_waitpid=yes
ac_cv_header_assert_h=yes
ac_cv_header_dlfcn_h=yes
ac_cv_header_errno_h=yes
ac_cv_header_inttypes_h=yes
ac_cv_header_memory_h=yes
ac_cv_header_stdarg_h=yes
ac_cv_header_stdc=yes
ac_cv_header_stdint_h=yes
ac_cv_header_stdlib_h=yes
ac_cv_header_string_h=yes
ac_cv_header_strings_h=yes
ac_cv_header_sys_stat_h=yes
ac_cv_header_sys_types_h=yes
ac_cv_header_sys_wait_h=yes
ac_cv_header_unistd_h=yes
ac_cv_host=x86_64-redhat-linux-gnu
ac_cv_objext=o
ac_cv_path_EGREP='/bin/grep -E'
ac_cv_path_FGREP='/bin/grep -F'
ac_cv_path_GREP=/bin/grep
ac_cv_path_SED=/bin/sed
ac_cv_path_install='/usr/bin/install -c'
ac_cv_path_mkdir=/bin/mkdir
ac_cv_prog_AWK=gawk
ac_cv_prog_CPP='gcc -E'
ac_cv_prog_CXXCPP='g++ -E'
ac_cv_prog_ac_ct_AR=ar
ac_cv_prog_ac_ct_CC=gcc
ac_cv_prog_ac_ct_CXX=g++
ac_cv_prog_ac_ct_OBJDUMP=objdump
ac_cv_prog_ac_ct_RANLIB=ranlib
ac_cv_prog_ac_ct_STRIP=strip
ac_cv_prog_cc_c89=
ac_cv_prog_cc_g=yes
ac_cv_prog_cxx_g=yes
ac_cv_prog_make_make_set=yes
ac_cv_type_pid_t=yes
ac_cv_type_size_t=yes
am_cv_CC_dependencies_compiler_type=gcc3
am_cv_CXX_dependencies_compiler_type=gcc3
am_cv_prog_cc_stdc=
lt_cv_deplibs_check_method=pass_all
lt_cv_file_magic_cmd='$MAGIC_CMD'
lt_cv_file_magic_test_file=
lt_cv_ld_reload_flag=-r
lt_cv_nm_interface='BSD nm'
lt_cv_objdir=.libs
lt_cv_path_LD=/usr/bin/ld
lt_cv_path_LDCXX='/usr/bin/ld -m elf_x86_64'
lt_cv_path_NM='/usr/bin/nm -B'
lt_cv_prog_compiler_c_o=yes
lt_cv_prog_compiler_c_o_CXX=yes
lt_cv_prog_compiler_pic_works=yes
lt_cv_prog_compiler_pic_works_CXX=yes
lt_cv_prog_compiler_rtti_exceptions=no
lt_cv_prog_compiler_static_works=no
lt_cv_prog_compiler_static_works_CXX=no
lt_cv_prog_gnu_ld=yes
lt_cv_prog_gnu_ldcxx=yes
lt_cv_sys_global_symbol_pipe='sed -n -e '\''s/^.*[	 ]\([ABCDGIRSTW][ABCDGIRSTW]*\)[	 ][	 ]*\([_A-Za-z][_A-Za-z0-9]*\)$/\1 \2 \2/p'\'''
lt_cv_sys_global_symbol_to_c_name_address='sed -n -e '\''s/^: \([^ ]*\) $/  {\"\1\", (void *) 0},/p'\'' -e '\''s/^[ABCDGIRSTW]* \([^ ]*\) \([^ ]*\)$/  {"\2", (void *) \&\2},/p'\'''
lt_cv_sys_global_symbol_to_c_name_address_lib_prefix='sed -n -e '\''s/^: \([^ ]*\) $/  {\"\1\", (void *) 0},/p'\'' -e '\''s/^[ABCDGIRSTW]* \([^ ]*\) \(lib[^ ]*\)$/  {"\2", (void *) \&\2},/p'\'' -e '\''s/^[ABCDGIRSTW]* \([^ ]*\) \([^ ]*\)$/  {"lib\2", (void *) \&\2},/p'\'''
lt_cv_sys_global_symbol_to_cdecl='sed -n -e '\''s/^T .* \(.*\)$/extern int \1();/p'\'' -e '\''s/^[ABCDGIRSTW]* .* \(.*\)$/extern char \1;/p'\'''
lt_cv_sys_max_cmd_len=1966080
sic_cv_var_sys_errlist=yes
sic_cv_var_sys_siglist=yes

## ----------------- ##
## Output variables. ##
## ----------------- ##

ACLOCAL='aclocal-1.11'
AMDEPBACKSLASH='\'
AMDEP_FALSE='#'
AMDEP_TRUE=''
AMTAR='tar'
AR='ar'
AUTOCONF='autoconf'
AUTOHEADER='autoheader'
AUTOMAKE='automake-1.11'
AWK='gawk'
CC='gcc'
CCDEPMODE='depmode=gcc3'
CFLAGS='-g -O2'
CPP='gcc -E'
CPPFLAGS=''
CXX='g++'
CXXCPP='g++ -E'
CXXDEPMODE='depmode=gcc3'
CXXFLAGS='-g -O2'
CYGPATH_W='echo'
DEFS='-DHAVE_CONFIG_H'
DEPDIR='.deps'
DSYMUTIL=''
DUMPBIN=''
ECHO_C=''
ECHO_N='-n'
ECHO_T=''
EGREP='/bin/grep -E'
EXEEXT=''
FGREP='/bin/grep -F'
GREP='/bin/grep'
INSTALL_DATA='${INSTALL} -m 644'
INSTALL_PROGRAM='${INSTALL}'
INSTALL_SCRIPT='${INSTALL}'
INSTALL_STRIP_PROGRAM='$(install_sh) -c -s'
LD='/usr/bin/ld -m elf_x86_64'
LDFLAGS=''
LIBOBJS=' ${LIBOBJDIR}$U.o'
LIBS=''
LIBTOOL='$(SHELL) $(top_builddir)/libtool'
LIPO=''
LN_S='ln -s'
LTLIBOBJS=' ${LIBOBJDIR}$U.lo'
MAKEINFO='makeinfo'
MKDIR_P='/bin/mkdir -p'
NM='/usr/bin/nm -B'
NMEDIT=''
OBJDUMP='objdump'
OBJEXT='o'
OTOOL64=''
OTOOL=''
PACKAGE='mmseg'
PACKAGE_BUGREPORT=''
PACKAGE_NAME=''
PACKAGE_STRING=''
PACKAGE_TARNAME=''
PACKAGE_VERSION=''
PATH_SEPARATOR=':'
RANLIB='ranlib'
SED='/bin/sed'
SET_MAKE=''
SHELL='/bin/sh'
STRIP='strip'
VERSION='0.7'
WITH_READLINE_FALSE=''
WITH_READLINE_TRUE='#'
ac_aux_dir='config'
ac_ct_CC='gcc'
ac_ct_CXX='g++'
ac_ct_DUMPBIN=''
am__EXEEXT_FALSE=''
am__EXEEXT_TRUE='#'
am__fastdepCC_FALSE='#'
am__fastdepCC_TRUE=''
am__fastdepCXX_FALSE='#'
am__fastdepCXX_TRUE=''
am__include='include'
am__isrc=''
am__leading_dot='.'
am__quote=''
am__tar='${AMTAR} chof - "$$tardir"'
am__untar='${AMTAR} xf -'
bindir='${exec_prefix}/bin'
build='x86_64-redhat-linux-gnu'
build_alias=''
build_cpu='x86_64'
build_os='linux-gnu'
build_vendor='redhat'
datadir='${datarootdir}'
datarootdir='${prefix}/share'
docdir='${datarootdir}/doc/${PACKAGE}'
dvidir='${docdir}'
exec_prefix='${prefix}'
host='x86_64-redhat-linux-gnu'
host_alias=''
host_cpu='x86_64'
host_os='linux-gnu'
host_vendor='redhat'
htmldir='${docdir}'
includedir='${prefix}/include'
infodir='${datarootdir}/info'
install_sh='${SHELL} /opt/src/coreseek-4.1-beta/mmseg-3.2.14/config/install-sh'
libdir='${exec_prefix}/lib'
libexecdir='${exec_prefix}/libexec'
localedir='${datarootdir}/locale'
localstatedir='${prefix}/var'
lt_ECHO='echo'
mandir='${datarootdir}/man'
mkdir_p='/bin/mkdir -p'
oldincludedir='/usr/include'
pdfdir='${docdir}'
prefix='/opt/mmseg'
program_transform_name='s,x,x,'
psdir='${docdir}'
sbindir='${exec_prefix}/sbin'
sharedstatedir='${prefix}/com'
sysconfdir='${prefix}/etc'
target_alias=''

## ----------- ##
## confdefs.h. ##
## ----------- ##

#define PACKAGE_NAME ""
#define PACKAGE_TARNAME ""
#define PACKAGE_VERSION ""
#define PACKAGE_STRING ""
#define PACKAGE_BUGREPORT ""
#define PACKAGE "mmseg"
#define VERSION "0.7"
#define STDC_HEADERS 1
#define HAVE_SYS_TYPES_H 1
#define HAVE_SYS_STAT_H 1
#define HAVE_STDLIB_H 1
#define HAVE_STRING_H 1
#define HAVE_MEMORY_H 1
#define HAVE_STRINGS_H 1
#define HAVE_INTTYPES_H 1
#define HAVE_STDINT_H 1
#define HAVE_UNISTD_H 1
#define HAVE_DLFCN_H 1
#define LT_OBJDIR ".libs/"
#define STDC_HEADERS 1
#define HAVE_SYS_WAIT_H 1
#define HAVE_STDLIB_H 1
#define HAVE_UNISTD_H 1
#define HAVE_ERRNO_H 1
#define HAVE_ASSERT_H 1
#define HAVE_STRING_H 1
#define HAVE_STDARG_H 1
#define HAVE_SYS_ERRLIST 1
#define HAVE_SYS_SIGLIST 1
#define HAVE_BZERO 1
#define HAVE_CALLOC 1
#define HAVE_STRCHR 1
#define HAVE_STRRCHR 1
#define HAVE_BASENAME 1
#define HAVE_STRSPN 1
#define HAVE_STRCSPN 1
#define HAVE_STRERROR 1
#define HAVE_STRSIGNAL 1
#define HAVE_VFPRINTF 1
#define HAVE_WAITPID 1

configure: exit 0
